Start testing: Sep 04 19:07 MSK
----------------------------------------------------------
1/6 Testing: Life.DefaultConstructor
1/6 Test: Life.DefaultConstructor
Command: "/home/sonik/CLionProjects/game_of_life/cmake-build-debug-coverage/example_tests" "--gtest_filter=Life.DefaultConstructor" "--gtest_also_run_disabled_tests"
Directory: /home/sonik/CLionProjects/game_of_life/cmake-build-debug-coverage
"Life.DefaultConstructor" start time: Sep 04 19:07 MSK
Output:
----------------------------------------------------------
Running main() from /home/sonik/CLionProjects/game_of_life/cmake-build-debug-coverage/_deps/googletest-src/googletest/src/gtest_main.cc
Note: Google Test filter = Life.DefaultConstructor
[==========] Running 1 test from 1 test suite.
[----------] Global test environment set-up.
[----------] 1 test from Life
[ RUN      ] Life.DefaultConstructor
[       OK ] Life.DefaultConstructor (0 ms)
[----------] 1 test from Life (0 ms total)

[----------] Global test environment tear-down
[==========] 1 test from 1 test suite ran. (0 ms total)
[  PASSED  ] 1 test.
<end of output>
Test time =   0.02 sec
----------------------------------------------------------
Test Passed.
"Life.DefaultConstructor" end time: Sep 04 19:07 MSK
"Life.DefaultConstructor" time elapsed: 00:00:00
----------------------------------------------------------

2/6 Testing: Life.Getters
2/6 Test: Life.Getters
Command: "/home/sonik/CLionProjects/game_of_life/cmake-build-debug-coverage/example_tests" "--gtest_filter=Life.Getters" "--gtest_also_run_disabled_tests"
Directory: /home/sonik/CLionProjects/game_of_life/cmake-build-debug-coverage
"Life.Getters" start time: Sep 04 19:07 MSK
Output:
----------------------------------------------------------
Running main() from /home/sonik/CLionProjects/game_of_life/cmake-build-debug-coverage/_deps/googletest-src/googletest/src/gtest_main.cc
Note: Google Test filter = Life.Getters
[==========] Running 1 test from 1 test suite.
[----------] Global test environment set-up.
[----------] 1 test from Life
[ RUN      ] Life.Getters
[       OK ] Life.Getters (0 ms)
[----------] 1 test from Life (0 ms total)

[----------] Global test environment tear-down
[==========] 1 test from 1 test suite ran. (3 ms total)
[  PASSED  ] 1 test.
<end of output>
Test time =   0.02 sec
----------------------------------------------------------
Test Passed.
"Life.Getters" end time: Sep 04 19:07 MSK
"Life.Getters" time elapsed: 00:00:00
----------------------------------------------------------

3/6 Testing: Life.Setters
3/6 Test: Life.Setters
Command: "/home/sonik/CLionProjects/game_of_life/cmake-build-debug-coverage/example_tests" "--gtest_filter=Life.Setters" "--gtest_also_run_disabled_tests"
Directory: /home/sonik/CLionProjects/game_of_life/cmake-build-debug-coverage
"Life.Setters" start time: Sep 04 19:07 MSK
Output:
----------------------------------------------------------
Running main() from /home/sonik/CLionProjects/game_of_life/cmake-build-debug-coverage/_deps/googletest-src/googletest/src/gtest_main.cc
Note: Google Test filter = Life.Setters
[==========] Running 1 test from 1 test suite.
[----------] Global test environment set-up.
[----------] 1 test from Life
[ RUN      ] Life.Setters
[       OK ] Life.Setters (0 ms)
[----------] 1 test from Life (0 ms total)

[----------] Global test environment tear-down
[==========] 1 test from 1 test suite ran. (12 ms total)
[  PASSED  ] 1 test.
<end of output>
Test time =   0.02 sec
----------------------------------------------------------
Test Passed.
"Life.Setters" end time: Sep 04 19:07 MSK
"Life.Setters" time elapsed: 00:00:00
----------------------------------------------------------

4/6 Testing: Life.GetCellState
4/6 Test: Life.GetCellState
Command: "/home/sonik/CLionProjects/game_of_life/cmake-build-debug-coverage/example_tests" "--gtest_filter=Life.GetCellState" "--gtest_also_run_disabled_tests"
Directory: /home/sonik/CLionProjects/game_of_life/cmake-build-debug-coverage
"Life.GetCellState" start time: Sep 04 19:07 MSK
Output:
----------------------------------------------------------
Running main() from /home/sonik/CLionProjects/game_of_life/cmake-build-debug-coverage/_deps/googletest-src/googletest/src/gtest_main.cc
Note: Google Test filter = Life.GetCellState
[==========] Running 1 test from 1 test suite.
[----------] Global test environment set-up.
[----------] 1 test from Life
[ RUN      ] Life.GetCellState
[       OK ] Life.GetCellState (0 ms)
[----------] 1 test from Life (0 ms total)

[----------] Global test environment tear-down
[==========] 1 test from 1 test suite ran. (6 ms total)
[  PASSED  ] 1 test.
<end of output>
Test time =   0.02 sec
----------------------------------------------------------
Test Passed.
"Life.GetCellState" end time: Sep 04 19:07 MSK
"Life.GetCellState" time elapsed: 00:00:00
----------------------------------------------------------

5/6 Testing: Life.CountNeighbours
5/6 Test: Life.CountNeighbours
Command: "/home/sonik/CLionProjects/game_of_life/cmake-build-debug-coverage/example_tests" "--gtest_filter=Life.CountNeighbours" "--gtest_also_run_disabled_tests"
Directory: /home/sonik/CLionProjects/game_of_life/cmake-build-debug-coverage
"Life.CountNeighbours" start time: Sep 04 19:07 MSK
Output:
----------------------------------------------------------
Running main() from /home/sonik/CLionProjects/game_of_life/cmake-build-debug-coverage/_deps/googletest-src/googletest/src/gtest_main.cc
Note: Google Test filter = Life.CountNeighbours
[==========] Running 1 test from 1 test suite.
[----------] Global test environment set-up.
[----------] 1 test from Life
[ RUN      ] Life.CountNeighbours
[       OK ] Life.CountNeighbours (0 ms)
[----------] 1 test from Life (0 ms total)

[----------] Global test environment tear-down
[==========] 1 test from 1 test suite ran. (8 ms total)
[  PASSED  ] 1 test.
<end of output>
Test time =   0.02 sec
----------------------------------------------------------
Test Passed.
"Life.CountNeighbours" end time: Sep 04 19:07 MSK
"Life.CountNeighbours" time elapsed: 00:00:00
----------------------------------------------------------

6/6 Testing: Life.OperatorOstream
6/6 Test: Life.OperatorOstream
Command: "/home/sonik/CLionProjects/game_of_life/cmake-build-debug-coverage/example_tests" "--gtest_filter=Life.OperatorOstream" "--gtest_also_run_disabled_tests"
Directory: /home/sonik/CLionProjects/game_of_life/cmake-build-debug-coverage
"Life.OperatorOstream" start time: Sep 04 19:07 MSK
Output:
----------------------------------------------------------
Running main() from /home/sonik/CLionProjects/game_of_life/cmake-build-debug-coverage/_deps/googletest-src/googletest/src/gtest_main.cc
Note: Google Test filter = Life.OperatorOstream
[==========] Running 1 test from 1 test suite.
[----------] Global test environment set-up.
[----------] 1 test from Life
[ RUN      ] Life.OperatorOstream
X . .
. . .
. X X
. . .

[       OK ] Life.OperatorOstream (0 ms)
[----------] 1 test from Life (0 ms total)

[----------] Global test environment tear-down
[==========] 1 test from 1 test suite ran. (1 ms total)
[  PASSED  ] 1 test.
<end of output>
Test time =   0.02 sec
----------------------------------------------------------
Test Passed.
"Life.OperatorOstream" end time: Sep 04 19:07 MSK
"Life.OperatorOstream" time elapsed: 00:00:00
----------------------------------------------------------

End testing: Sep 04 19:07 MSK
